<?xml version="1.0" encoding="UTF-8"?>
<testsuite name="com.celebrity.MainTest" tests="3" skipped="0" failures="0" errors="0" timestamp="2021-04-08T01:25:44" hostname="MacBook-Pro-de-Johnny.local" time="0.008">
  <properties/>
  <testcase name="detectOneCelebrityTest" classname="com.celebrity.MainTest" time="0.006"/>
  <testcase name="detectTwoCelebrityTest" classname="com.celebrity.MainTest" time="0.0"/>
  <testcase name="detectOneCelebrityWithPersonTest" classname="com.celebrity.MainTest" time="0.0"/>
  <system-out><![CDATA[]]></system-out>
  <system-err><![CDATA[]]></system-err>
</testsuite>
